wisereminder/manifest-merger-release-report.txt
-- Merging decision tree log ---
manifest
ADDED from AndroidManifest.xml:2:1
	package
		ADDED from AndroidManifest.xml:3:5
		INJECTED from AndroidManifest.xml:0:0
		INJECTED from AndroidManifest.xml:0:0
	android:versionName
		INJECTED from AndroidManifest.xml:0:0
		INJECTED from AndroidManifest.xml:0:0
	xmlns:android
		ADDED from AndroidManifest.xml:2:11
	android:versionCode
		INJECTED from AndroidManifest.xml:0:0
		INJECTED from AndroidManifest.xml:0:0
application
ADDED from AndroidManifest.xml:5:5
MERGED from com.android.support:support-v4:21.0.3:16:5
MERGED from Android-Projects:androidcommon:unspecified:13:5
MERGED from com.android.support:appcompat-v7:21.0.3:16:5
MERGED from com.android.support:support-v4:21.0.3:16:5
MERGED from com.android.support:support-v4:21.0.3:16:5
MERGED from com.shamanland:fab:0.0.8:12:5
MERGED from de.hdodenhof:circleimageview:2.0.0:9:5
	android:label
		ADDED from AndroidManifest.xml:9:9
	android:allowBackup
		ADDED from AndroidManifest.xml:7:9
	android:icon
		ADDED from AndroidManifest.xml:8:9
	android:theme
		ADDED from AndroidManifest.xml:10:9
	android:name
		ADDED from AndroidManifest.xml:6:9
service#com.echen.wisereminder.Service.MainService
ADDED from AndroidManifest.xml:11:9
	android:enabled
		ADDED from AndroidManifest.xml:13:13
	android:name
		ADDED from AndroidManifest.xml:12:13
intent-filter#com.echen.wisereminder.MAINSERVICE
ADDED from AndroidManifest.xml:14:13
action#com.echen.wisereminder.MAINSERVICE
ADDED from AndroidManifest.xml:15:17
	android:name
		ADDED from AndroidManifest.xml:15:25
receiver#com.echen.wisereminder.Receiver.BootReceiver
ADDED from AndroidManifest.xml:18:9
	android:priority
		ADDED from AndroidManifest.xml:20:13
	android:name
		ADDED from AndroidManifest.xml:19:13
intent-filter#android.intent.action.BOOT_COMPLETED+android.intent.action.MAINBROADCAST
ADDED from AndroidManifest.xml:21:13
action#android.intent.action.BOOT_COMPLETED
ADDED from AndroidManifest.xml:22:17
	android:name
		ADDED from AndroidManifest.xml:22:25
action#android.intent.action.MAINBROADCAST
ADDED from AndroidManifest.xml:24:17
	android:name
		ADDED from AndroidManifest.xml:24:25
receiver#com.echen.wisereminder.Receiver.HomeKeyEventBroadCastReceiver
ADDED from AndroidManifest.xml:27:9
	android:name
		ADDED from AndroidManifest.xml:27:19
receiver#com.echen.wisereminder.Receiver.ScreenBroadcastReceiver
ADDED from AndroidManifest.xml:28:9
	android:name
		ADDED from AndroidManifest.xml:28:19
receiver#com.echen.wisereminder.Receiver.TimeTickBroadcastReceiver
ADDED from AndroidManifest.xml:29:9
	android:name
		ADDED from AndroidManifest.xml:29:19
receiver#com.echen.wisereminder.Receiver.AlarmReceiver
ADDED from AndroidManifest.xml:30:9
	android:process
		ADDED from AndroidManifest.xml:30:58
	android:name
		ADDED from AndroidManifest.xml:30:19
intent-filter#android.intent.action.PERIODICALARM
ADDED from AndroidManifest.xml:31:13
action#android.intent.action.PERIODICALARM
ADDED from AndroidManifest.xml:32:17
	android:name
		ADDED from AndroidManifest.xml:32:25
activity#com.echen.wisereminder.MainActivity
ADDED from AndroidManifest.xml:35:9
	android:label
		ADDED from AndroidManifest.xml:37:13
	android:name
		ADDED from AndroidManifest.xml:36:13
intent-filter#android.intent.action.MAIN+android.intent.category.LAUNCHER
ADDED from AndroidManifest.xml:38:13
action#android.intent.action.MAIN
ADDED from AndroidManifest.xml:39:17
	android:name
		ADDED from AndroidManifest.xml:39:25
category#android.intent.category.LAUNCHER
ADDED from AndroidManifest.xml:40:17
	android:name
		ADDED from AndroidManifest.xml:40:27
activity#com.echen.wisereminder.ReminderCreationActivity
ADDED from AndroidManifest.xml:43:9
	android:name
		ADDED from AndroidManifest.xml:43:19
activity#com.echen.wisereminder.ReminderEditActivity
ADDED from AndroidManifest.xml:44:9
	android:name
		ADDED from AndroidManifest.xml:44:19
activity#com.echen.wisereminder.AppNotificationActivity
ADDED from AndroidManifest.xml:45:9
	android:name
		ADDED from AndroidManifest.xml:45:19
activity#com.echen.wisereminder.CreateAvatarActivity
ADDED from AndroidManifest.xml:46:9
	android:name
		ADDED from AndroidManifest.xml:46:19
activity#com.echen.wisereminder.ImagePreviewActivity
ADDED from AndroidManifest.xml:47:9
	android:name
		ADDED from AndroidManifest.xml:47:19
uses-permission#android.permission.MOUNT_UNMOUNT_FILESYSTEMS
ADDED from AndroidManifest.xml:50:5
	android:name
		ADDED from AndroidManifest.xml:50:22
uses-permission#android.permission.WRITE_EXTERNAL_STORAGE
ADDED from AndroidManifest.xml:51:5
MERGED from Android-Projects:androidcommon:unspecified:11:5
	android:name
		ADDED from AndroidManifest.xml:51:22
uses-permission#android.permission.SYSTEM_ALERT_WINDOW
ADDED from AndroidManifest.xml:52:5
	android:name
		ADDED from AndroidManifest.xml:52:22
uses-sdk
INJECTED from AndroidManifest.xml:0:0 reason: use-sdk injection requested
MERGED from com.android.support:support-v4:21.0.3:15:5
MERGED from Android-Projects:androidcommon:unspecified:7:5
MERGED from com.android.support:appcompat-v7:21.0.3:15:5
MERGED from com.android.support:support-v4:21.0.3:15:5
MERGED from Android-Projects:googleDateTimePickers:unspecified:22:5
MERGED from com.android.support:support-v4:21.0.3:15:5
MERGED from be.webelite:ion-iconview:1.0.4:3:5
MERGED from com.shamanland:fab:0.0.8:8:5
MERGED from de.hdodenhof:circleimageview:2.0.0:5:5
MERGED from com.edmodo:cropper:1.0.1:7:5
	android:targetSdkVersion
		INJECTED from AndroidManifest.xml:0:0
		INJECTED from AndroidManifest.xml:0:0
	android:minSdkVersion
		INJECTED from AndroidManifest.xml:0:0
		INJECTED from AndroidManifest.xml:0:0
uses-permission#android.permission.VIBRATE
ADDED from Android-Projects:googleDateTimePickers:unspecified:26:5
	android:name
		ADDED from Android-Projects:googleDateTimePickers:unspecified:26:22